2022-12-27 08:10:45 info: [0mGET /users [32m200[0m 3.725 ms - 377[0m
2022-12-27 08:10:45 info: [0mGET /users/qpwoeiruty [32m200[0m 1.302 ms - 145[0m
2022-12-27 08:10:45 info: [0mPOST /users [32m201[0m 86.237 ms - 162[0m
2022-12-27 08:10:45 info: [0mPUT /users/60706478aad6c9ad19a31c84 [32m200[0m 72.125 ms - 162[0m
2022-12-27 08:10:45 info: [0mDELETE /users/60706478aad6c9ad19a31c84 [32m200[0m 0.760 ms - 162[0m
2022-12-27 08:10:47 info: [0mGET / [32m200[0m 0.874 ms - 2[0m
2022-12-27 08:10:49 info: [0mPOST /signup [32m201[0m 71.906 ms - 161[0m
2022-12-27 08:10:49 info: [0mPOST /login [32m200[0m 70.765 ms - 160[0m
2022-12-27 08:24:28 info: [0mGET /users [32m200[0m 3.942 ms - 377[0m
2022-12-27 08:24:28 info: [0mGET /users/qpwoeiruty [32m200[0m 1.236 ms - 145[0m
2022-12-27 08:24:28 info: [0mPOST /users [32m201[0m 86.948 ms - 162[0m
2022-12-27 08:24:29 info: [0mPUT /users/60706478aad6c9ad19a31c84 [32m200[0m 70.882 ms - 162[0m
2022-12-27 08:24:29 info: [0mDELETE /users/60706478aad6c9ad19a31c84 [32m200[0m 0.971 ms - 162[0m
2022-12-27 08:24:31 info: [0mPOST /signup [32m201[0m 75.583 ms - 161[0m
2022-12-27 08:24:32 info: [0mPOST /login [32m200[0m 70.864 ms - 160[0m
2022-12-27 08:24:33 info: [0mGET / [32m200[0m 1.023 ms - 2[0m
2022-12-27 08:54:26 info: [0mGET /users [32m200[0m 4.348 ms - 377[0m
2022-12-27 08:54:26 info: [0mGET /users/qpwoeiruty [32m200[0m 1.363 ms - 145[0m
2022-12-27 08:54:26 info: [0mPOST /users [32m201[0m 86.417 ms - 162[0m
2022-12-27 08:54:26 info: [0mPUT /users/60706478aad6c9ad19a31c84 [32m200[0m 72.408 ms - 162[0m
2022-12-27 08:54:26 info: [0mDELETE /users/60706478aad6c9ad19a31c84 [32m200[0m 0.762 ms - 162[0m
2022-12-27 08:54:28 info: [0mGET / [32m200[0m 0.880 ms - 2[0m
2022-12-27 08:54:30 info: [0mPOST /signup [32m201[0m 73.018 ms - 161[0m
2022-12-27 08:54:30 info: [0mPOST /login [32m200[0m 71.155 ms - 160[0m
2022-12-27 08:58:17 info: [0mGET /users [32m200[0m 3.743 ms - 377[0m
2022-12-27 08:58:18 info: [0mGET /users/qpwoeiruty [32m200[0m 1.315 ms - 145[0m
2022-12-27 08:58:18 info: [0mPOST /users [32m201[0m 90.528 ms - 162[0m
2022-12-27 08:58:18 info: [0mPUT /users/60706478aad6c9ad19a31c84 [32m200[0m 71.242 ms - 162[0m
2022-12-27 08:58:18 info: [0mDELETE /users/60706478aad6c9ad19a31c84 [32m200[0m 0.517 ms - 162[0m
2022-12-27 08:58:21 info: [0mPOST /signup [32m201[0m 76.018 ms - 161[0m
2022-12-27 08:58:21 info: [0mPOST /login [32m200[0m 72.373 ms - 160[0m
2022-12-27 08:58:22 info: [0mGET / [32m200[0m 0.965 ms - 2[0m
2022-12-27 09:19:18 info: [0mGET /users [32m200[0m 3.797 ms - 377[0m
2022-12-27 09:19:18 info: [0mGET /users/qpwoeiruty [32m200[0m 1.427 ms - 145[0m
2022-12-27 09:19:18 info: [0mPOST /users [32m201[0m 85.917 ms - 162[0m
2022-12-27 09:19:18 info: [0mPUT /users/60706478aad6c9ad19a31c84 [32m200[0m 70.483 ms - 162[0m
2022-12-27 09:19:18 info: [0mDELETE /users/60706478aad6c9ad19a31c84 [32m200[0m 0.819 ms - 162[0m
2022-12-27 09:19:20 info: [0mGET / [32m200[0m 0.945 ms - 2[0m
2022-12-27 09:19:23 info: [0mPOST /signup [32m201[0m 73.518 ms - 161[0m
2022-12-27 09:19:23 info: [0mPOST /login [32m200[0m 70.681 ms - 160[0m
